<alfresco-config>
    <config>
        <forms>
            <default-controls>
                <type name="association:lecm-test-dic:test-dic" template="/ru/it/lecm/base-share/components/controls/association-control.ftl">
                    <control-param name="rootLocation">/app:company_home/cm:Business_x0020_platform/cm:LECM/cm:Сервис_x0020_Справочники/lecm-dic:Тестовый_x0020_справочник</control-param>
                    <control-param name="plane">true</control-param>
                    <control-param name="nameSubstituteString">{cm:title}</control-param>
                    <control-param name="sortProp">cm:title</control-param>
                </type>
            </default-controls>
        </forms>
    </config>


    <config evaluator="node-type" condition="lecm-test-dic:test-dic">
        <forms>
            <form>
                <field-visibility>
                    <show id="lecm-test-dic:test-dic-code"/>
                    <show id="cm:title"/>

                </field-visibility>
                <appearance>
                    <field id="lecm-test-dic:test-dic-code" >
                        <control template="/ru/it/lecm/base-share/components/controls/textfield.ftl">
                            <control-param name="isUniqueValue">true</control-param>
                        </control>
                    </field>
                    <field id="cm:title" label-id="label.name" mandatory="true" description-id="label.name"/>
                </appearance>
            </form>
        </forms>
    </config>

    <config evaluator="model-type" condition="lecm-test-dic:test-dic">
        <forms>
            <form>
                <field-visibility>
                    <show id="lecm-test-dic:test-dic-code"/>
                    <show id="cm:title"/>
                </field-visibility>
                <appearance>
                    <field id="lecm-test-dic:test-dic-code" >
                        <control template="/ru/it/lecm/base-share/components/controls/textfield.ftl">
                            <control-param name="isUniqueValue">true</control-param>
                        </control>
                    </field>
                    <field id="cm:title" label-id="label.name" mandatory="true" description-id="label.name"/>
                </appearance>
            </form>
            <form id="datagrid">
                <field-visibility>
                    <show id="lecm-test-dic:test-dic-code"/>
                    <show id="cm:title"/>
                </field-visibility>
                <appearance>
                    <field id="cm:title" label-id="label.name"/>
                </appearance>
            </form>
            <form id="search">
                <field-visibility>
                    <show id="lecm-test-dic:test-dic-code"/>
                    <show id="cm:title"/>
                </field-visibility>
                <appearance>
                    <field id="cm:title" label-id="label.name" description-id="label.name">
                    </field>
                </appearance>
            </form>
        </forms>
    </config>



</alfresco-config>